<?xml version="1.0" encoding="UTF-8"?>
<!-- Generated by org.testng.reporters.JUnitReportReporter -->
<testsuite hostname="DESKTOP-C9T77KP" failures="0" tests="4" name="Testng.JenkinsBuild.LoginTest" time="5.450" errors="0" timestamp="2024-06-27T19:00:30 IST" skipped="0">
  <testcase classname="Testng.JenkinsBuild.LoginTest" name="oneMethod" time="2.569"/>
  <system-out/>
  <testcase classname="Testng.JenkinsBuild.LoginTest" name="testTwoMethod" time="2.878"/>
  <system-out/>
  <testcase classname="Testng.JenkinsBuild.LoginTest" name="threeMethod" time="0.001"/>
  <system-out/>
  <testcase classname="Testng.JenkinsBuild.LoginTest" name="singInMethod" time="0.002"/>
  <system-out/>
</testsuite> <!-- Testng.JenkinsBuild.LoginTest -->
