<?xml version="1.0" encoding="UTF-8"?>
<!-- Generated by org.testng.reporters.JUnitReportReporter -->
<testsuite skipped="0" hostname="DESKTOP-C9T77KP" name="Testng.JenkinsBuild.MainClass" tests="4" failures="0" timestamp="2024-06-26T21:17:41 IST" time="0.010" errors="0">
  <testcase name="oneMethod" time="0.007" classname="Testng.JenkinsBuild.MainClass"/>
  <system-out/>
  <testcase name="twoMethod" time="0.001" classname="Testng.JenkinsBuild.MainClass"/>
  <system-out/>
  <testcase name="threeMethod" time="0.001" classname="Testng.JenkinsBuild.MainClass"/>
  <system-out/>
  <testcase name="singInMethod" time="0.001" classname="Testng.JenkinsBuild.MainClass"/>
  <system-out/>
</testsuite> <!-- Testng.JenkinsBuild.MainClass -->
